2023-04-11 11:12:29,156 +0530 [main] INFO  (TC_001.java:17) - Init the properties file
2023-04-11 11:12:30,423 +0530 [main] DEBUG (InternalLoggerFactory.java:89) - Using Log4J as the default logging framework
2023-04-11 11:12:30,429 +0530 [main] DEBUG (ResourceLeakDetector.java:129) - -Dio.netty.leakDetection.level: simple
2023-04-11 11:12:30,429 +0530 [main] DEBUG (ResourceLeakDetector.java:130) - -Dio.netty.leakDetection.targetRecords: 4
2023-04-11 11:12:30,436 +0530 [main] DEBUG (ResourceLeakDetectorFactory.java:196) - Loaded default ResourceLeakDetector: io.netty.util.ResourceLeakDetector@5629510
2023-04-11 11:12:30,467 +0530 [main] DEBUG (PlatformDependent0.java:496) - -Dio.netty.noUnsafe: false
2023-04-11 11:12:30,467 +0530 [main] DEBUG (PlatformDependent0.java:1000) - Java version: 17
2023-04-11 11:12:30,472 +0530 [main] DEBUG (PlatformDependent0.java:137) - sun.misc.Unsafe.theUnsafe: available
2023-04-11 11:12:30,472 +0530 [main] DEBUG (PlatformDependent0.java:161) - sun.misc.Unsafe.copyMemory: available
2023-04-11 11:12:30,473 +0530 [main] DEBUG (PlatformDependent0.java:193) - sun.misc.Unsafe.storeFence: available
2023-04-11 11:12:30,475 +0530 [main] DEBUG (PlatformDependent0.java:236) - java.nio.Buffer.address: available
2023-04-11 11:12:30,476 +0530 [main] DEBUG (PlatformDependent0.java:320) - direct buffer constructor: unavailable: Reflective setAccessible(true) disabled
2023-04-11 11:12:30,477 +0530 [main] DEBUG (PlatformDependent0.java:385) - java.nio.Bits.unaligned: available, true
2023-04-11 11:12:30,479 +0530 [main] DEBUG (PlatformDependent0.java:452) - jdk.internal.misc.Unsafe.allocateUninitializedArray(int): unavailable: class io.netty.util.internal.PlatformDependent0$7 cannot access class jdk.internal.misc.Unsafe (in module java.base) because module java.base does not export jdk.internal.misc to unnamed module @4f0100a7
2023-04-11 11:12:30,482 +0530 [main] DEBUG (PlatformDependent0.java:482) - java.nio.DirectByteBuffer.<init>(long, int): unavailable
2023-04-11 11:12:30,483 +0530 [main] DEBUG (PlatformDependent.java:1159) - sun.misc.Unsafe: available
2023-04-11 11:12:30,507 +0530 [main] DEBUG (PlatformDependent.java:1270) - maxDirectMemory: 2120220672 bytes (maybe)
2023-04-11 11:12:30,507 +0530 [main] DEBUG (PlatformDependent.java:1289) - -Dio.netty.tmpdir: C:\Users\DELL\AppData\Local\Temp (java.io.tmpdir)
2023-04-11 11:12:30,507 +0530 [main] DEBUG (PlatformDependent.java:1368) - -Dio.netty.bitMode: 64 (sun.arch.data.model)
2023-04-11 11:12:30,508 +0530 [main] DEBUG (PlatformDependent.java:1119) - Platform: Windows
2023-04-11 11:12:30,509 +0530 [main] DEBUG (PlatformDependent.java:178) - -Dio.netty.maxDirectMemory: -1 bytes
2023-04-11 11:12:30,509 +0530 [main] DEBUG (PlatformDependent.java:185) - -Dio.netty.uninitializedArrayAllocationThreshold: -1
2023-04-11 11:12:30,510 +0530 [main] DEBUG (CleanerJava9.java:71) - java.nio.ByteBuffer.cleaner(): available
2023-04-11 11:12:30,511 +0530 [main] DEBUG (PlatformDependent.java:205) - -Dio.netty.noPreferDirect: false
2023-04-11 11:12:30,521 +0530 [main] DEBUG (PlatformDependent.java:1010) - org.jctools-core.MpscChunkedArrayQueue: available
2023-04-11 11:12:30,552 +0530 [main] DEBUG (InternalThreadLocalMap.java:100) - -Dio.netty.threadLocalMap.stringBuilder.initialSize: 1024
2023-04-11 11:12:30,553 +0530 [main] DEBUG (InternalThreadLocalMap.java:101) - -Dio.netty.threadLocalMap.stringBuilder.maxSize: 4096
2023-04-11 11:12:30,663 +0530 [main] DEBUG (JdkSslContext.java:83) - Default protocols (JDK): [TLSv1.3, TLSv1.2] 
2023-04-11 11:12:30,663 +0530 [main] DEBUG (JdkSslContext.java:84) - Default cipher suites (JDK): [TLS_ECDHE_ECDSA_WITH_AES_256_GCM_SHA384, TLS_ECDHE_ECDSA_WITH_AES_128_GCM_SHA256, TLS_ECDHE_RSA_WITH_AES_128_GCM_SHA256, TLS_ECDHE_RSA_WITH_AES_256_GCM_SHA384, TLS_ECDHE_RSA_WITH_AES_128_CBC_SHA, TLS_ECDHE_RSA_WITH_AES_256_CBC_SHA, TLS_RSA_WITH_AES_128_GCM_SHA256, TLS_RSA_WITH_AES_128_CBC_SHA, TLS_RSA_WITH_AES_256_CBC_SHA, TLS_AES_128_GCM_SHA256, TLS_AES_256_GCM_SHA384]
2023-04-11 11:12:30,712 +0530 [main] DEBUG (MultithreadEventLoopGroup.java:44) - -Dio.netty.eventLoopThreads: 8
2023-04-11 11:12:30,729 +0530 [main] DEBUG (NioEventLoop.java:110) - -Dio.netty.noKeySetOptimization: false
2023-04-11 11:12:30,729 +0530 [main] DEBUG (NioEventLoop.java:111) - -Dio.netty.selectorAutoRebuildThreshold: 512
2023-04-11 11:12:30,820 +0530 [main] DEBUG (PooledByteBufAllocator.java:157) - -Dio.netty.allocator.numHeapArenas: 8
2023-04-11 11:12:30,820 +0530 [main] DEBUG (PooledByteBufAllocator.java:158) - -Dio.netty.allocator.numDirectArenas: 8
2023-04-11 11:12:30,820 +0530 [main] DEBUG (PooledByteBufAllocator.java:160) - -Dio.netty.allocator.pageSize: 8192
2023-04-11 11:12:30,821 +0530 [main] DEBUG (PooledByteBufAllocator.java:165) - -Dio.netty.allocator.maxOrder: 9
2023-04-11 11:12:30,821 +0530 [main] DEBUG (PooledByteBufAllocator.java:169) - -Dio.netty.allocator.chunkSize: 4194304
2023-04-11 11:12:30,821 +0530 [main] DEBUG (PooledByteBufAllocator.java:170) - -Dio.netty.allocator.smallCacheSize: 256
2023-04-11 11:12:30,821 +0530 [main] DEBUG (PooledByteBufAllocator.java:171) - -Dio.netty.allocator.normalCacheSize: 64
2023-04-11 11:12:30,821 +0530 [main] DEBUG (PooledByteBufAllocator.java:172) - -Dio.netty.allocator.maxCachedBufferCapacity: 32768
2023-04-11 11:12:30,821 +0530 [main] DEBUG (PooledByteBufAllocator.java:173) - -Dio.netty.allocator.cacheTrimInterval: 8192
2023-04-11 11:12:30,822 +0530 [main] DEBUG (PooledByteBufAllocator.java:174) - -Dio.netty.allocator.cacheTrimIntervalMillis: 0
2023-04-11 11:12:30,822 +0530 [main] DEBUG (PooledByteBufAllocator.java:175) - -Dio.netty.allocator.useCacheForAllThreads: false
2023-04-11 11:12:30,822 +0530 [main] DEBUG (PooledByteBufAllocator.java:176) - -Dio.netty.allocator.maxCachedByteBuffersPerChunk: 1023
2023-04-11 11:12:30,838 +0530 [main] DEBUG (ByteBufUtil.java:87) - -Dio.netty.allocator.type: pooled
2023-04-11 11:12:30,838 +0530 [main] DEBUG (ByteBufUtil.java:96) - -Dio.netty.threadLocalDirectBufferSize: 0
2023-04-11 11:12:30,838 +0530 [main] DEBUG (ByteBufUtil.java:99) - -Dio.netty.maxThreadLocalCharBufferSize: 16384
2023-04-11 11:12:31,320 +0530 [Forwarding newSession on session null to remote] DEBUG (DefaultChannelId.java:79) - -Dio.netty.processId: 18196 (auto-detected)
2023-04-11 11:12:31,323 +0530 [Forwarding newSession on session null to remote] DEBUG (NetUtil.java:142) - -Djava.net.preferIPv4Stack: false
2023-04-11 11:12:31,323 +0530 [Forwarding newSession on session null to remote] DEBUG (NetUtil.java:143) - -Djava.net.preferIPv6Addresses: false
2023-04-11 11:12:31,336 +0530 [Forwarding newSession on session null to remote] DEBUG (NetUtilInitializations.java:139) - Loopback interface: lo (Software Loopback Interface 1, 127.0.0.1)
2023-04-11 11:12:31,337 +0530 [Forwarding newSession on session null to remote] DEBUG (NetUtil.java:200) - Failed to get SOMAXCONN from sysctl and file \proc\sys\net\core\somaxconn. Default: 200
2023-04-11 11:12:31,366 +0530 [Forwarding newSession on session null to remote] DEBUG (DefaultChannelId.java:101) - -Dio.netty.machineId: e4:02:9b:ff:fe:2b:96:ac (auto-detected)
2023-04-11 11:12:31,470 +0530 [AsyncHttpClient-1-2] DEBUG (AbstractByteBuf.java:63) - -Dio.netty.buffer.checkAccessible: true
2023-04-11 11:12:31,470 +0530 [AsyncHttpClient-1-2] DEBUG (AbstractByteBuf.java:64) - -Dio.netty.buffer.checkBounds: true
2023-04-11 11:12:31,470 +0530 [AsyncHttpClient-1-2] DEBUG (ResourceLeakDetectorFactory.java:196) - Loaded default ResourceLeakDetector: io.netty.util.ResourceLeakDetector@3d49ae8
2023-04-11 11:12:31,506 +0530 [AsyncHttpClient-1-2] DEBUG (Recycler.java:85) - -Dio.netty.recycler.maxCapacityPerThread: 4096
2023-04-11 11:12:31,507 +0530 [AsyncHttpClient-1-2] DEBUG (Recycler.java:86) - -Dio.netty.recycler.ratio: 8
2023-04-11 11:12:31,507 +0530 [AsyncHttpClient-1-2] DEBUG (Recycler.java:87) - -Dio.netty.recycler.chunkSize: 32
2023-04-11 11:12:31,507 +0530 [AsyncHttpClient-1-2] DEBUG (Recycler.java:88) - -Dio.netty.recycler.blocking: false
2023-04-11 11:12:35,828 +0530 [AsyncHttpClient-1-2] DEBUG (Brotli.java:38) - brotli4j not in the classpath; Brotli support will be unavailable.
2023-04-11 11:12:36,190 +0530 [main] INFO  (TC_001.java:19) - Opening browser ..firefox
2023-04-11 11:12:42,289 +0530 [main] INFO  (TC_001.java:21) - Opening URL ..https://www.amazon.in/
2023-04-11 11:12:42,653 +0530 [main] INFO  (TC_001.java:33) - Selecting dropdown option as Books ..searchDropdownBox
2023-04-11 11:12:42,912 +0530 [main] INFO  (TC_001.java:35) - Enter the text Harry Pottal by using locator ...twotabsearchtextbox
2023-04-11 11:12:44,945 +0530 [main] INFO  (TC_001.java:37) - Click on search button by using locator...nav-search-submit-button
2023-04-11 11:15:08,217 +0530 [main] INFO  (TC_001.java:17) - Init the properties file
2023-04-11 11:15:09,420 +0530 [main] DEBUG (InternalLoggerFactory.java:89) - Using Log4J as the default logging framework
2023-04-11 11:15:09,425 +0530 [main] DEBUG (ResourceLeakDetector.java:129) - -Dio.netty.leakDetection.level: simple
2023-04-11 11:15:09,425 +0530 [main] DEBUG (ResourceLeakDetector.java:130) - -Dio.netty.leakDetection.targetRecords: 4
2023-04-11 11:15:09,430 +0530 [main] DEBUG (ResourceLeakDetectorFactory.java:196) - Loaded default ResourceLeakDetector: io.netty.util.ResourceLeakDetector@5629510
2023-04-11 11:15:09,450 +0530 [main] DEBUG (PlatformDependent0.java:496) - -Dio.netty.noUnsafe: false
2023-04-11 11:15:09,451 +0530 [main] DEBUG (PlatformDependent0.java:1000) - Java version: 17
2023-04-11 11:15:09,454 +0530 [main] DEBUG (PlatformDependent0.java:137) - sun.misc.Unsafe.theUnsafe: available
2023-04-11 11:15:09,455 +0530 [main] DEBUG (PlatformDependent0.java:161) - sun.misc.Unsafe.copyMemory: available
2023-04-11 11:15:09,456 +0530 [main] DEBUG (PlatformDependent0.java:193) - sun.misc.Unsafe.storeFence: available
2023-04-11 11:15:09,456 +0530 [main] DEBUG (PlatformDependent0.java:236) - java.nio.Buffer.address: available
2023-04-11 11:15:09,457 +0530 [main] DEBUG (PlatformDependent0.java:320) - direct buffer constructor: unavailable: Reflective setAccessible(true) disabled
2023-04-11 11:15:09,458 +0530 [main] DEBUG (PlatformDependent0.java:385) - java.nio.Bits.unaligned: available, true
2023-04-11 11:15:09,459 +0530 [main] DEBUG (PlatformDependent0.java:452) - jdk.internal.misc.Unsafe.allocateUninitializedArray(int): unavailable: class io.netty.util.internal.PlatformDependent0$7 cannot access class jdk.internal.misc.Unsafe (in module java.base) because module java.base does not export jdk.internal.misc to unnamed module @4f0100a7
2023-04-11 11:15:09,462 +0530 [main] DEBUG (PlatformDependent0.java:482) - java.nio.DirectByteBuffer.<init>(long, int): unavailable
2023-04-11 11:15:09,462 +0530 [main] DEBUG (PlatformDependent.java:1159) - sun.misc.Unsafe: available
2023-04-11 11:15:09,479 +0530 [main] DEBUG (PlatformDependent.java:1270) - maxDirectMemory: 2120220672 bytes (maybe)
2023-04-11 11:15:09,480 +0530 [main] DEBUG (PlatformDependent.java:1289) - -Dio.netty.tmpdir: C:\Users\DELL\AppData\Local\Temp (java.io.tmpdir)
2023-04-11 11:15:09,480 +0530 [main] DEBUG (PlatformDependent.java:1368) - -Dio.netty.bitMode: 64 (sun.arch.data.model)
2023-04-11 11:15:09,480 +0530 [main] DEBUG (PlatformDependent.java:1119) - Platform: Windows
2023-04-11 11:15:09,481 +0530 [main] DEBUG (PlatformDependent.java:178) - -Dio.netty.maxDirectMemory: -1 bytes
2023-04-11 11:15:09,482 +0530 [main] DEBUG (PlatformDependent.java:185) - -Dio.netty.uninitializedArrayAllocationThreshold: -1
2023-04-11 11:15:09,483 +0530 [main] DEBUG (CleanerJava9.java:71) - java.nio.ByteBuffer.cleaner(): available
2023-04-11 11:15:09,483 +0530 [main] DEBUG (PlatformDependent.java:205) - -Dio.netty.noPreferDirect: false
2023-04-11 11:15:09,495 +0530 [main] DEBUG (PlatformDependent.java:1010) - org.jctools-core.MpscChunkedArrayQueue: available
2023-04-11 11:15:09,517 +0530 [main] DEBUG (InternalThreadLocalMap.java:100) - -Dio.netty.threadLocalMap.stringBuilder.initialSize: 1024
2023-04-11 11:15:09,517 +0530 [main] DEBUG (InternalThreadLocalMap.java:101) - -Dio.netty.threadLocalMap.stringBuilder.maxSize: 4096
2023-04-11 11:15:09,597 +0530 [main] DEBUG (JdkSslContext.java:83) - Default protocols (JDK): [TLSv1.3, TLSv1.2] 
2023-04-11 11:15:09,598 +0530 [main] DEBUG (JdkSslContext.java:84) - Default cipher suites (JDK): [TLS_ECDHE_ECDSA_WITH_AES_256_GCM_SHA384, TLS_ECDHE_ECDSA_WITH_AES_128_GCM_SHA256, TLS_ECDHE_RSA_WITH_AES_128_GCM_SHA256, TLS_ECDHE_RSA_WITH_AES_256_GCM_SHA384, TLS_ECDHE_RSA_WITH_AES_128_CBC_SHA, TLS_ECDHE_RSA_WITH_AES_256_CBC_SHA, TLS_RSA_WITH_AES_128_GCM_SHA256, TLS_RSA_WITH_AES_128_CBC_SHA, TLS_RSA_WITH_AES_256_CBC_SHA, TLS_AES_128_GCM_SHA256, TLS_AES_256_GCM_SHA384]
2023-04-11 11:15:09,635 +0530 [main] DEBUG (MultithreadEventLoopGroup.java:44) - -Dio.netty.eventLoopThreads: 8
2023-04-11 11:15:09,651 +0530 [main] DEBUG (NioEventLoop.java:110) - -Dio.netty.noKeySetOptimization: false
2023-04-11 11:15:09,654 +0530 [main] DEBUG (NioEventLoop.java:111) - -Dio.netty.selectorAutoRebuildThreshold: 512
2023-04-11 11:15:09,746 +0530 [main] DEBUG (PooledByteBufAllocator.java:157) - -Dio.netty.allocator.numHeapArenas: 8
2023-04-11 11:15:09,746 +0530 [main] DEBUG (PooledByteBufAllocator.java:158) - -Dio.netty.allocator.numDirectArenas: 8
2023-04-11 11:15:09,747 +0530 [main] DEBUG (PooledByteBufAllocator.java:160) - -Dio.netty.allocator.pageSize: 8192
2023-04-11 11:15:09,747 +0530 [main] DEBUG (PooledByteBufAllocator.java:165) - -Dio.netty.allocator.maxOrder: 9
2023-04-11 11:15:09,747 +0530 [main] DEBUG (PooledByteBufAllocator.java:169) - -Dio.netty.allocator.chunkSize: 4194304
2023-04-11 11:15:09,747 +0530 [main] DEBUG (PooledByteBufAllocator.java:170) - -Dio.netty.allocator.smallCacheSize: 256
2023-04-11 11:15:09,747 +0530 [main] DEBUG (PooledByteBufAllocator.java:171) - -Dio.netty.allocator.normalCacheSize: 64
2023-04-11 11:15:09,748 +0530 [main] DEBUG (PooledByteBufAllocator.java:172) - -Dio.netty.allocator.maxCachedBufferCapacity: 32768
2023-04-11 11:15:09,748 +0530 [main] DEBUG (PooledByteBufAllocator.java:173) - -Dio.netty.allocator.cacheTrimInterval: 8192
2023-04-11 11:15:09,748 +0530 [main] DEBUG (PooledByteBufAllocator.java:174) - -Dio.netty.allocator.cacheTrimIntervalMillis: 0
2023-04-11 11:15:09,748 +0530 [main] DEBUG (PooledByteBufAllocator.java:175) - -Dio.netty.allocator.useCacheForAllThreads: false
2023-04-11 11:15:09,748 +0530 [main] DEBUG (PooledByteBufAllocator.java:176) - -Dio.netty.allocator.maxCachedByteBuffersPerChunk: 1023
2023-04-11 11:15:09,773 +0530 [main] DEBUG (ByteBufUtil.java:87) - -Dio.netty.allocator.type: pooled
2023-04-11 11:15:09,773 +0530 [main] DEBUG (ByteBufUtil.java:96) - -Dio.netty.threadLocalDirectBufferSize: 0
2023-04-11 11:15:09,773 +0530 [main] DEBUG (ByteBufUtil.java:99) - -Dio.netty.maxThreadLocalCharBufferSize: 16384
2023-04-11 11:15:10,228 +0530 [Forwarding newSession on session null to remote] DEBUG (DefaultChannelId.java:79) - -Dio.netty.processId: 7380 (auto-detected)
2023-04-11 11:15:10,230 +0530 [Forwarding newSession on session null to remote] DEBUG (NetUtil.java:142) - -Djava.net.preferIPv4Stack: false
2023-04-11 11:15:10,230 +0530 [Forwarding newSession on session null to remote] DEBUG (NetUtil.java:143) - -Djava.net.preferIPv6Addresses: false
2023-04-11 11:15:10,243 +0530 [Forwarding newSession on session null to remote] DEBUG (NetUtilInitializations.java:139) - Loopback interface: lo (Software Loopback Interface 1, 127.0.0.1)
2023-04-11 11:15:10,246 +0530 [Forwarding newSession on session null to remote] DEBUG (NetUtil.java:200) - Failed to get SOMAXCONN from sysctl and file \proc\sys\net\core\somaxconn. Default: 200
2023-04-11 11:15:10,276 +0530 [Forwarding newSession on session null to remote] DEBUG (DefaultChannelId.java:101) - -Dio.netty.machineId: e4:02:9b:ff:fe:2b:96:ac (auto-detected)
2023-04-11 11:15:10,354 +0530 [AsyncHttpClient-1-2] DEBUG (AbstractByteBuf.java:63) - -Dio.netty.buffer.checkAccessible: true
2023-04-11 11:15:10,355 +0530 [AsyncHttpClient-1-2] DEBUG (AbstractByteBuf.java:64) - -Dio.netty.buffer.checkBounds: true
2023-04-11 11:15:10,356 +0530 [AsyncHttpClient-1-2] DEBUG (ResourceLeakDetectorFactory.java:196) - Loaded default ResourceLeakDetector: io.netty.util.ResourceLeakDetector@94e0771
2023-04-11 11:15:10,393 +0530 [AsyncHttpClient-1-2] DEBUG (Recycler.java:85) - -Dio.netty.recycler.maxCapacityPerThread: 4096
2023-04-11 11:15:10,393 +0530 [AsyncHttpClient-1-2] DEBUG (Recycler.java:86) - -Dio.netty.recycler.ratio: 8
2023-04-11 11:15:10,394 +0530 [AsyncHttpClient-1-2] DEBUG (Recycler.java:87) - -Dio.netty.recycler.chunkSize: 32
2023-04-11 11:15:10,394 +0530 [AsyncHttpClient-1-2] DEBUG (Recycler.java:88) - -Dio.netty.recycler.blocking: false
2023-04-11 11:15:14,215 +0530 [AsyncHttpClient-1-2] DEBUG (Brotli.java:38) - brotli4j not in the classpath; Brotli support will be unavailable.
2023-04-11 11:15:14,417 +0530 [main] INFO  (TC_001.java:19) - Opening browser ..firefox
2023-04-11 11:15:20,017 +0530 [main] INFO  (TC_001.java:21) - Opening URL ..https://www.amazon.in/
2023-04-11 11:15:20,762 +0530 [main] INFO  (TC_001.java:33) - Selecting dropdown option as Books ..searchDropdownBox
2023-04-11 11:15:20,967 +0530 [main] INFO  (TC_001.java:35) - Enter the text Harry Pottal by using locator ...twotabsearchtextbox
2023-04-11 11:15:22,782 +0530 [main] INFO  (TC_001.java:37) - Click on search button by using locator...nav-search-submit-button
2023-04-11 11:16:20,256 +0530 [main] INFO  (TC_001.java:17) - Init the properties file
2023-04-11 11:16:21,230 +0530 [main] DEBUG (InternalLoggerFactory.java:89) - Using Log4J as the default logging framework
2023-04-11 11:16:21,234 +0530 [main] DEBUG (ResourceLeakDetector.java:129) - -Dio.netty.leakDetection.level: simple
2023-04-11 11:16:21,235 +0530 [main] DEBUG (ResourceLeakDetector.java:130) - -Dio.netty.leakDetection.targetRecords: 4
2023-04-11 11:16:21,241 +0530 [main] DEBUG (ResourceLeakDetectorFactory.java:196) - Loaded default ResourceLeakDetector: io.netty.util.ResourceLeakDetector@3212a8d7
2023-04-11 11:16:21,259 +0530 [main] DEBUG (PlatformDependent0.java:496) - -Dio.netty.noUnsafe: false
2023-04-11 11:16:21,259 +0530 [main] DEBUG (PlatformDependent0.java:1000) - Java version: 17
2023-04-11 11:16:21,261 +0530 [main] DEBUG (PlatformDependent0.java:137) - sun.misc.Unsafe.theUnsafe: available
2023-04-11 11:16:21,262 +0530 [main] DEBUG (PlatformDependent0.java:161) - sun.misc.Unsafe.copyMemory: available
2023-04-11 11:16:21,262 +0530 [main] DEBUG (PlatformDependent0.java:193) - sun.misc.Unsafe.storeFence: available
2023-04-11 11:16:21,263 +0530 [main] DEBUG (PlatformDependent0.java:236) - java.nio.Buffer.address: available
2023-04-11 11:16:21,264 +0530 [main] DEBUG (PlatformDependent0.java:320) - direct buffer constructor: unavailable: Reflective setAccessible(true) disabled
2023-04-11 11:16:21,264 +0530 [main] DEBUG (PlatformDependent0.java:385) - java.nio.Bits.unaligned: available, true
2023-04-11 11:16:21,266 +0530 [main] DEBUG (PlatformDependent0.java:452) - jdk.internal.misc.Unsafe.allocateUninitializedArray(int): unavailable: class io.netty.util.internal.PlatformDependent0$7 cannot access class jdk.internal.misc.Unsafe (in module java.base) because module java.base does not export jdk.internal.misc to unnamed module @e57b96d
2023-04-11 11:16:21,267 +0530 [main] DEBUG (PlatformDependent0.java:482) - java.nio.DirectByteBuffer.<init>(long, int): unavailable
2023-04-11 11:16:21,267 +0530 [main] DEBUG (PlatformDependent.java:1159) - sun.misc.Unsafe: available
2023-04-11 11:16:21,281 +0530 [main] DEBUG (PlatformDependent.java:1270) - maxDirectMemory: 2120220672 bytes (maybe)
2023-04-11 11:16:21,282 +0530 [main] DEBUG (PlatformDependent.java:1289) - -Dio.netty.tmpdir: C:\Users\DELL\AppData\Local\Temp (java.io.tmpdir)
2023-04-11 11:16:21,282 +0530 [main] DEBUG (PlatformDependent.java:1368) - -Dio.netty.bitMode: 64 (sun.arch.data.model)
2023-04-11 11:16:21,282 +0530 [main] DEBUG (PlatformDependent.java:1119) - Platform: Windows
2023-04-11 11:16:21,283 +0530 [main] DEBUG (PlatformDependent.java:178) - -Dio.netty.maxDirectMemory: -1 bytes
2023-04-11 11:16:21,284 +0530 [main] DEBUG (PlatformDependent.java:185) - -Dio.netty.uninitializedArrayAllocationThreshold: -1
2023-04-11 11:16:21,284 +0530 [main] DEBUG (CleanerJava9.java:71) - java.nio.ByteBuffer.cleaner(): available
2023-04-11 11:16:21,285 +0530 [main] DEBUG (PlatformDependent.java:205) - -Dio.netty.noPreferDirect: false
2023-04-11 11:16:21,292 +0530 [main] DEBUG (PlatformDependent.java:1010) - org.jctools-core.MpscChunkedArrayQueue: available
2023-04-11 11:16:21,314 +0530 [main] DEBUG (InternalThreadLocalMap.java:100) - -Dio.netty.threadLocalMap.stringBuilder.initialSize: 1024
2023-04-11 11:16:21,314 +0530 [main] DEBUG (InternalThreadLocalMap.java:101) - -Dio.netty.threadLocalMap.stringBuilder.maxSize: 4096
2023-04-11 11:16:21,370 +0530 [main] DEBUG (JdkSslContext.java:83) - Default protocols (JDK): [TLSv1.3, TLSv1.2] 
2023-04-11 11:16:21,370 +0530 [main] DEBUG (JdkSslContext.java:84) - Default cipher suites (JDK): [TLS_ECDHE_ECDSA_WITH_AES_256_GCM_SHA384, TLS_ECDHE_ECDSA_WITH_AES_128_GCM_SHA256, TLS_ECDHE_RSA_WITH_AES_128_GCM_SHA256, TLS_ECDHE_RSA_WITH_AES_256_GCM_SHA384, TLS_ECDHE_RSA_WITH_AES_128_CBC_SHA, TLS_ECDHE_RSA_WITH_AES_256_CBC_SHA, TLS_RSA_WITH_AES_128_GCM_SHA256, TLS_RSA_WITH_AES_128_CBC_SHA, TLS_RSA_WITH_AES_256_CBC_SHA, TLS_AES_128_GCM_SHA256, TLS_AES_256_GCM_SHA384]
2023-04-11 11:16:21,410 +0530 [main] DEBUG (MultithreadEventLoopGroup.java:44) - -Dio.netty.eventLoopThreads: 8
2023-04-11 11:16:21,427 +0530 [main] DEBUG (NioEventLoop.java:110) - -Dio.netty.noKeySetOptimization: false
2023-04-11 11:16:21,427 +0530 [main] DEBUG (NioEventLoop.java:111) - -Dio.netty.selectorAutoRebuildThreshold: 512
2023-04-11 11:16:21,502 +0530 [main] DEBUG (PooledByteBufAllocator.java:157) - -Dio.netty.allocator.numHeapArenas: 8
2023-04-11 11:16:21,503 +0530 [main] DEBUG (PooledByteBufAllocator.java:158) - -Dio.netty.allocator.numDirectArenas: 8
2023-04-11 11:16:21,503 +0530 [main] DEBUG (PooledByteBufAllocator.java:160) - -Dio.netty.allocator.pageSize: 8192
2023-04-11 11:16:21,503 +0530 [main] DEBUG (PooledByteBufAllocator.java:165) - -Dio.netty.allocator.maxOrder: 9
2023-04-11 11:16:21,504 +0530 [main] DEBUG (PooledByteBufAllocator.java:169) - -Dio.netty.allocator.chunkSize: 4194304
2023-04-11 11:16:21,504 +0530 [main] DEBUG (PooledByteBufAllocator.java:170) - -Dio.netty.allocator.smallCacheSize: 256
2023-04-11 11:16:21,504 +0530 [main] DEBUG (PooledByteBufAllocator.java:171) - -Dio.netty.allocator.normalCacheSize: 64
2023-04-11 11:16:21,505 +0530 [main] DEBUG (PooledByteBufAllocator.java:172) - -Dio.netty.allocator.maxCachedBufferCapacity: 32768
2023-04-11 11:16:21,505 +0530 [main] DEBUG (PooledByteBufAllocator.java:173) - -Dio.netty.allocator.cacheTrimInterval: 8192
2023-04-11 11:16:21,505 +0530 [main] DEBUG (PooledByteBufAllocator.java:174) - -Dio.netty.allocator.cacheTrimIntervalMillis: 0
2023-04-11 11:16:21,505 +0530 [main] DEBUG (PooledByteBufAllocator.java:175) - -Dio.netty.allocator.useCacheForAllThreads: false
2023-04-11 11:16:21,506 +0530 [main] DEBUG (PooledByteBufAllocator.java:176) - -Dio.netty.allocator.maxCachedByteBuffersPerChunk: 1023
2023-04-11 11:16:21,523 +0530 [main] DEBUG (ByteBufUtil.java:87) - -Dio.netty.allocator.type: pooled
2023-04-11 11:16:21,523 +0530 [main] DEBUG (ByteBufUtil.java:96) - -Dio.netty.threadLocalDirectBufferSize: 0
2023-04-11 11:16:21,523 +0530 [main] DEBUG (ByteBufUtil.java:99) - -Dio.netty.maxThreadLocalCharBufferSize: 16384
2023-04-11 11:16:21,899 +0530 [Forwarding newSession on session null to remote] DEBUG (DefaultChannelId.java:79) - -Dio.netty.processId: 3236 (auto-detected)
2023-04-11 11:16:21,901 +0530 [Forwarding newSession on session null to remote] DEBUG (NetUtil.java:142) - -Djava.net.preferIPv4Stack: false
2023-04-11 11:16:21,902 +0530 [Forwarding newSession on session null to remote] DEBUG (NetUtil.java:143) - -Djava.net.preferIPv6Addresses: false
2023-04-11 11:16:21,912 +0530 [Forwarding newSession on session null to remote] DEBUG (NetUtilInitializations.java:139) - Loopback interface: lo (Software Loopback Interface 1, 127.0.0.1)
2023-04-11 11:16:21,913 +0530 [Forwarding newSession on session null to remote] DEBUG (NetUtil.java:200) - Failed to get SOMAXCONN from sysctl and file \proc\sys\net\core\somaxconn. Default: 200
2023-04-11 11:16:21,938 +0530 [Forwarding newSession on session null to remote] DEBUG (DefaultChannelId.java:101) - -Dio.netty.machineId: e4:02:9b:ff:fe:2b:96:ac (auto-detected)
2023-04-11 11:16:22,006 +0530 [AsyncHttpClient-1-2] DEBUG (AbstractByteBuf.java:63) - -Dio.netty.buffer.checkAccessible: true
2023-04-11 11:16:22,007 +0530 [AsyncHttpClient-1-2] DEBUG (AbstractByteBuf.java:64) - -Dio.netty.buffer.checkBounds: true
2023-04-11 11:16:22,007 +0530 [AsyncHttpClient-1-2] DEBUG (ResourceLeakDetectorFactory.java:196) - Loaded default ResourceLeakDetector: io.netty.util.ResourceLeakDetector@3a1bc0db
2023-04-11 11:16:22,035 +0530 [AsyncHttpClient-1-2] DEBUG (Recycler.java:85) - -Dio.netty.recycler.maxCapacityPerThread: 4096
2023-04-11 11:16:22,036 +0530 [AsyncHttpClient-1-2] DEBUG (Recycler.java:86) - -Dio.netty.recycler.ratio: 8
2023-04-11 11:16:22,036 +0530 [AsyncHttpClient-1-2] DEBUG (Recycler.java:87) - -Dio.netty.recycler.chunkSize: 32
2023-04-11 11:16:22,036 +0530 [AsyncHttpClient-1-2] DEBUG (Recycler.java:88) - -Dio.netty.recycler.blocking: false
2023-04-11 11:16:29,093 +0530 [AsyncHttpClient-1-2] DEBUG (Brotli.java:38) - brotli4j not in the classpath; Brotli support will be unavailable.
2023-04-11 11:16:29,345 +0530 [main] INFO  (TC_001.java:19) - Opening browser ..firefox
2023-04-11 11:16:36,622 +0530 [main] INFO  (TC_001.java:21) - Opening URL ..https://www.amazon.in/
2023-04-11 11:16:36,959 +0530 [main] INFO  (TC_001.java:33) - Selecting dropdown option as Books ..searchDropdownBox
2023-04-11 11:16:37,176 +0530 [main] INFO  (TC_001.java:35) - Enter the text Harry Pottal by using locator ...twotabsearchtextbox
2023-04-11 11:16:39,106 +0530 [main] INFO  (TC_001.java:37) - Click on search button by using locator...nav-search-submit-button
